2024-09-20 11:39:21,553 - INFO - Gen 1: Trying to gen phrase 11/20...
2024-09-20 11:39:22,282 - INFO - Added new phrase: 'Fantasy'
2024-09-20 11:39:22,289 - INFO - Saved progress to ../data/genre_clio_results.csv.
2024-09-20 11:39:24,334 - INFO - Gen 2: Trying to gen phrase 12/20...
2024-09-20 11:39:26,517 - INFO - Phrase 'Science fiction' already exists. Incrementing count and changing bias by -0.1.
2024-09-20 11:39:26,518 - INFO - Saved progress to ../data/genre_clio_results.csv.
2024-09-20 11:39:28,549 - INFO - Gen 3: Trying to gen phrase 12/20...
2024-09-20 11:39:30,566 - INFO - Added new phrase: 'Action'
2024-09-20 11:39:30,568 - INFO - Saved progress to ../data/genre_clio_results.csv.
2024-09-20 11:39:32,619 - INFO - Gen 4: Trying to gen phrase 13/20...
2024-09-20 11:39:33,255 - INFO - Added new phrase: 'Magical Girl'
2024-09-20 11:39:33,256 - INFO - Saved progress to ../data/genre_clio_results.csv.
2024-09-20 11:39:35,273 - INFO - Gen 5: Trying to gen phrase 14/20...
2024-09-20 11:39:35,783 - INFO - Phrase 'Adventure' already exists. Incrementing count and changing bias by -0.1.
2024-09-20 11:39:35,785 - INFO - Saved progress to ../data/genre_clio_results.csv.
2024-09-20 11:39:37,802 - INFO - Gen 6: Trying to gen phrase 14/20...
2024-09-20 11:39:38,447 - INFO - Added new phrase: 'Comedy'
2024-09-20 11:39:38,448 - INFO - Saved progress to ../data/genre_clio_results.csv.
2024-09-20 11:39:40,466 - INFO - Gen 7: Trying to gen phrase 15/20...
2024-09-20 11:39:40,982 - INFO - Phrase 'LitRPG' already exists. Incrementing count and changing bias by -0.1.
2024-09-20 11:39:40,986 - INFO - Saved progress to ../data/genre_clio_results.csv.
2024-09-20 11:39:43,004 - INFO - Run interrupted by user.
2024-09-20 11:46:39,988 - INFO - Gen 1: Trying to gen phrase 1/20...
2024-09-20 11:46:41,060 - INFO - Added new phrase: 'Slice of Life'
2024-09-20 11:46:41,062 - INFO - Saved progress to ../data/genre_clio_results.csv.
2024-09-20 11:46:43,064 - INFO - Gen 2: Trying to gen phrase 2/20...
2024-09-20 11:46:43,689 - INFO - Added new phrase: 'LitRPG'
2024-09-20 11:46:43,691 - INFO - Saved progress to ../data/genre_clio_results.csv.
2024-09-20 11:46:45,693 - INFO - Gen 3: Trying to gen phrase 3/20...
2024-09-20 11:46:47,833 - INFO - Added new phrase: 'Adventure'
2024-09-20 11:46:47,834 - INFO - Saved progress to ../data/genre_clio_results.csv.
2024-09-20 11:46:49,835 - INFO - Gen 4: Trying to gen phrase 4/20...
2024-09-20 11:46:50,774 - INFO - Phrase 'LitRPG' already exists. Incrementing count and changing bias by -0.1.
2024-09-20 11:46:50,776 - INFO - Saved progress to ../data/genre_clio_results.csv.
2024-09-20 11:46:52,778 - INFO - Gen 5: Trying to gen phrase 4/20...
2024-09-20 11:46:53,416 - INFO - Added new phrase: 'horror: monster'
2024-09-20 11:46:53,417 - INFO - Saved progress to ../data/genre_clio_results.csv.
2024-09-20 11:46:55,418 - INFO - Run interrupted by user.
2024-09-20 11:49:49,897 - INFO - Gen 1: Trying to gen phrase 5/20...
2024-09-20 11:49:56,240 - INFO - Added new phrase: 'fantasy'
2024-09-20 11:49:56,243 - INFO - Saved progress to ../data/genre_clio_results.csv.
2024-09-20 11:49:58,246 - INFO - Gen 2: Trying to gen phrase 6/20...
2024-09-20 11:50:04,043 - INFO - Added new phrase: 'Apocalyptic'
2024-09-20 11:50:04,045 - INFO - Saved progress to ../data/genre_clio_results.csv.
2024-09-20 11:50:06,047 - INFO - Gen 3: Trying to gen phrase 7/20...
2024-09-20 11:50:10,753 - INFO - Added new phrase: 'Greco-Roman Fantasy'
2024-09-20 11:50:10,754 - INFO - Saved progress to ../data/genre_clio_results.csv.
2024-09-20 11:50:12,755 - INFO - Gen 4: Trying to gen phrase 8/20...
2024-09-20 11:50:13,271 - INFO - Added new phrase: 'Comedy'
2024-09-20 11:50:13,272 - INFO - Saved progress to ../data/genre_clio_results.csv.
2024-09-20 11:50:15,273 - INFO - Gen 5: Trying to gen phrase 9/20...
2024-09-20 11:50:17,208 - INFO - Added new phrase: 'Historical Fiction'
2024-09-20 11:50:17,212 - INFO - Saved progress to ../data/genre_clio_results.csv.
2024-09-20 11:50:19,214 - INFO - Gen 6: Trying to gen phrase 10/20...
2024-09-20 11:50:22,823 - INFO - Added new phrase: 'Epic Fantasy'
2024-09-20 11:50:22,825 - INFO - Saved progress to ../data/genre_clio_results.csv.
2024-09-20 11:50:24,826 - INFO - Gen 7: Trying to gen phrase 11/20...
2024-09-20 11:50:29,798 - INFO - Phrase 'fantasy' already exists. Incrementing count and changing bias by -0.1.
2024-09-20 11:50:29,800 - INFO - Saved progress to ../data/genre_clio_results.csv.
2024-09-20 11:50:31,801 - INFO - Gen 8: Trying to gen phrase 11/20...
2024-09-20 11:50:33,276 - INFO - Phrase 'Adventure' already exists. Incrementing count and changing bias by -0.1.
2024-09-20 11:50:33,278 - INFO - Saved progress to ../data/genre_clio_results.csv.
2024-09-20 11:50:35,279 - INFO - Gen 9: Trying to gen phrase 11/20...
2024-09-20 11:50:36,342 - INFO - Added new phrase: 'action'
2024-09-20 11:50:36,344 - INFO - Saved progress to ../data/genre_clio_results.csv.
2024-09-20 11:50:38,346 - INFO - Gen 10: Trying to gen phrase 12/20...
2024-09-20 11:50:42,617 - INFO - Added new phrase: 'Fantasy'
2024-09-20 11:50:42,619 - INFO - Saved progress to ../data/genre_clio_results.csv.
2024-09-20 11:50:42,726 - ERROR - Error: 'is_checkpoint'
2024-09-20 11:50:42,727 - ERROR - Aborting candidate search
2024-09-20 11:50:42,822 - INFO - 
Candidate search complete!
2024-09-20 11:50:42,822 - INFO - Top 10 terms:
2024-09-20 11:50:42,823 - INFO -                 phrase  count  last_bias
1               LitRPG      2          0
2            Adventure      2          0
4              fantasy      2          0
0        Slice of Life      1          0
3      horror: monster      1          0
5          Apocalyptic      1          0
6  Greco-Roman Fantasy      1          0
7               Comedy      1          0
8   Historical Fiction      1          0
9         Epic Fantasy      1          0
2024-09-20 11:56:30,253 - INFO - Gen 1: Trying to gen phrase 13/20...
2024-09-20 11:56:35,385 - INFO - Phrase 'Adventure' already exists. Incrementing count and changing bias by -0.1.
2024-09-20 11:56:35,394 - INFO - Saved progress to ../data/genre_clio_results.csv.
2024-09-20 11:56:37,396 - INFO - Gen 2: Trying to gen phrase 13/20...
2024-09-20 11:56:41,688 - INFO - Added new phrase: 'cyoa'
2024-09-20 11:56:41,691 - INFO - Saved progress to ../data/genre_clio_results.csv.
2024-09-20 11:56:43,693 - INFO - Gen 3: Trying to gen phrase 14/20...
2024-09-20 11:56:48,212 - INFO - Phrase 'LitRPG' already exists. Incrementing count and changing bias by -0.1.
2024-09-20 11:56:48,214 - INFO - Saved progress to ../data/genre_clio_results.csv.
2024-09-20 11:56:50,215 - INFO - Gen 4: Trying to gen phrase 14/20...
2024-09-20 11:56:55,543 - INFO - Phrase 'Adventure' already exists. Incrementing count and changing bias by -0.1.
2024-09-20 11:56:55,546 - INFO - Saved progress to ../data/genre_clio_results.csv.
2024-09-20 11:56:57,548 - INFO - Gen 5: Trying to gen phrase 14/20...
2024-09-20 11:57:02,328 - INFO - Phrase 'LitRPG' already exists. Incrementing count and changing bias by -0.1.
2024-09-20 11:57:02,330 - INFO - Saved progress to ../data/genre_clio_results.csv.
2024-09-20 11:57:02,393 - INFO - Checkpoint saved at 5 generations.
2024-09-20 11:57:04,397 - INFO - Gen 6: Trying to gen phrase 14/20...
2024-09-20 11:57:07,057 - INFO - Phrase 'LitRPG' already exists. Incrementing count and changing bias by -0.1.
2024-09-20 11:57:07,058 - INFO - Saved progress to ../data/genre_clio_results.csv.
2024-09-20 11:57:09,059 - INFO - Gen 7: Trying to gen phrase 14/20...
2024-09-20 11:57:12,256 - INFO - Phrase 'LitRPG' already exists. Incrementing count and changing bias by -0.1.
2024-09-20 11:57:12,258 - INFO - Saved progress to ../data/genre_clio_results.csv.
2024-09-20 11:57:14,260 - INFO - Gen 8: Trying to gen phrase 14/20...
2024-09-20 11:57:16,850 - INFO - Added new phrase: 'horror'
2024-09-20 11:57:16,851 - INFO - Saved progress to ../data/genre_clio_results.csv.
2024-09-20 11:57:18,852 - INFO - Gen 9: Trying to gen phrase 15/20...
2024-09-20 11:57:20,118 - INFO - Phrase 'LitRPG' already exists. Incrementing count and changing bias by -0.1.
2024-09-20 11:57:20,119 - INFO - Saved progress to ../data/genre_clio_results.csv.
2024-09-20 11:57:22,122 - INFO - Gen 10: Trying to gen phrase 15/20...
2024-09-20 11:57:22,849 - INFO - Added new phrase: 'historical fiction'
2024-09-20 11:57:22,850 - INFO - Saved progress to ../data/genre_clio_results.csv.
2024-09-20 11:57:22,881 - INFO - Checkpoint saved at 10 generations.
2024-09-20 11:57:24,882 - INFO - Gen 11: Trying to gen phrase 16/20...
2024-09-20 11:57:27,512 - INFO - Added new phrase: 'light novel'
2024-09-20 11:57:27,514 - INFO - Saved progress to ../data/genre_clio_results.csv.
2024-09-20 11:57:29,548 - INFO - Gen 12: Trying to gen phrase 17/20...
2024-09-20 11:57:33,781 - INFO - Phrase 'Fantasy' already exists. Incrementing count and changing bias by -0.1.
2024-09-20 11:57:33,783 - INFO - Saved progress to ../data/genre_clio_results.csv.
2024-09-20 11:57:35,786 - INFO - Gen 13: Trying to gen phrase 17/20...
2024-09-20 11:57:37,262 - INFO - Added new phrase: 'Cyberpunk'
2024-09-20 11:57:37,263 - INFO - Saved progress to ../data/genre_clio_results.csv.
2024-09-20 11:57:39,264 - INFO - Gen 14: Trying to gen phrase 18/20...
2024-09-20 11:57:41,427 - INFO - Phrase 'LitRPG' already exists. Incrementing count and changing bias by -0.1.
2024-09-20 11:57:41,429 - INFO - Saved progress to ../data/genre_clio_results.csv.
2024-09-20 11:57:43,431 - INFO - Gen 15: Trying to gen phrase 18/20...
2024-09-20 11:57:46,172 - INFO - Phrase 'historical fiction' already exists. Incrementing count and changing bias by -0.1.
2024-09-20 11:57:46,174 - INFO - Saved progress to ../data/genre_clio_results.csv.
2024-09-20 11:57:46,193 - INFO - Checkpoint saved at 15 generations.
2024-09-20 11:57:48,196 - INFO - Gen 16: Trying to gen phrase 18/20...
2024-09-20 11:57:49,721 - INFO - Phrase 'LitRPG' already exists. Incrementing count and changing bias by -0.1.
2024-09-20 11:57:49,722 - INFO - Saved progress to ../data/genre_clio_results.csv.
2024-09-20 11:57:51,724 - INFO - Gen 17: Trying to gen phrase 18/20...
2024-09-20 11:57:56,527 - INFO - Phrase 'LitRPG' already exists. Incrementing count and changing bias by -0.1.
2024-09-20 11:57:56,529 - INFO - Saved progress to ../data/genre_clio_results.csv.
2024-09-20 11:57:58,532 - INFO - Gen 18: Trying to gen phrase 18/20...
2024-09-20 11:58:04,671 - INFO - Added new phrase: 'Horror'
2024-09-20 11:58:04,672 - INFO - Saved progress to ../data/genre_clio_results.csv.
2024-09-20 11:58:06,675 - INFO - Gen 19: Trying to gen phrase 19/20...
2024-09-20 11:58:10,265 - INFO - Added new phrase: 'Renaissance'
2024-09-20 11:58:10,268 - INFO - Saved progress to ../data/genre_clio_results.csv.
2024-09-20 11:58:12,271 - INFO - Gen 20: Trying to gen phrase 20/20...
2024-09-20 11:58:18,198 - INFO - Phrase 'Adventure' already exists. Incrementing count and changing bias by -0.1.
2024-09-20 11:58:18,201 - INFO - Saved progress to ../data/genre_clio_results.csv.
2024-09-20 11:58:18,237 - INFO - Checkpoint saved at 20 generations.
2024-09-20 11:58:20,240 - INFO - Gen 21: Trying to gen phrase 20/20...
2024-09-20 11:58:24,709 - INFO - Added new phrase: 'Drama'
2024-09-20 11:58:24,711 - INFO - Saved progress to ../data/genre_clio_results.csv.
2024-09-20 11:58:26,926 - INFO - 
Candidate search complete!
2024-09-20 11:58:26,927 - INFO - Top 10 terms:
2024-09-20 11:58:26,929 - INFO -                  phrase  count  last_bias
1                LitRPG     10       -0.7
2             Adventure      5       -0.2
11              Fantasy      2        0.0
4               fantasy      2        0.0
14   historical fiction      2        0.0
0         Slice of Life      1        0.0
3       horror: monster      1        0.0
6   Greco-Roman Fantasy      1        0.0
7                Comedy      1        0.0
8    Historical Fiction      1        0.0
