2024-09-20 11:56:30,253 - INFO - Gen 1: Trying to gen phrase 13/20...
2024-09-20 11:56:35,385 - INFO - Phrase 'Adventure' already exists. Incrementing count and changing bias by -0.1.
2024-09-20 11:56:35,394 - INFO - Saved progress to ../data/genre_clio_results.csv.
2024-09-20 11:56:37,396 - INFO - Gen 2: Trying to gen phrase 13/20...
2024-09-20 11:56:41,688 - INFO - Added new phrase: 'cyoa'
2024-09-20 11:56:41,691 - INFO - Saved progress to ../data/genre_clio_results.csv.
2024-09-20 11:56:43,693 - INFO - Gen 3: Trying to gen phrase 14/20...
2024-09-20 11:56:48,212 - INFO - Phrase 'LitRPG' already exists. Incrementing count and changing bias by -0.1.
2024-09-20 11:56:48,214 - INFO - Saved progress to ../data/genre_clio_results.csv.
2024-09-20 11:56:50,215 - INFO - Gen 4: Trying to gen phrase 14/20...
2024-09-20 11:56:55,543 - INFO - Phrase 'Adventure' already exists. Incrementing count and changing bias by -0.1.
2024-09-20 11:56:55,546 - INFO - Saved progress to ../data/genre_clio_results.csv.
2024-09-20 11:56:57,548 - INFO - Gen 5: Trying to gen phrase 14/20...
2024-09-20 11:57:02,328 - INFO - Phrase 'LitRPG' already exists. Incrementing count and changing bias by -0.1.
2024-09-20 11:57:02,330 - INFO - Saved progress to ../data/genre_clio_results.csv.
2024-09-20 11:57:02,393 - INFO - Checkpoint saved at 5 generations.
2024-09-20 11:57:04,397 - INFO - Gen 6: Trying to gen phrase 14/20...
2024-09-20 11:57:07,057 - INFO - Phrase 'LitRPG' already exists. Incrementing count and changing bias by -0.1.
2024-09-20 11:57:07,058 - INFO - Saved progress to ../data/genre_clio_results.csv.
2024-09-20 11:57:09,059 - INFO - Gen 7: Trying to gen phrase 14/20...
2024-09-20 11:57:12,256 - INFO - Phrase 'LitRPG' already exists. Incrementing count and changing bias by -0.1.
2024-09-20 11:57:12,258 - INFO - Saved progress to ../data/genre_clio_results.csv.
2024-09-20 11:57:14,260 - INFO - Gen 8: Trying to gen phrase 14/20...
2024-09-20 11:57:16,850 - INFO - Added new phrase: 'horror'
2024-09-20 11:57:16,851 - INFO - Saved progress to ../data/genre_clio_results.csv.
2024-09-20 11:57:18,852 - INFO - Gen 9: Trying to gen phrase 15/20...
2024-09-20 11:57:20,118 - INFO - Phrase 'LitRPG' already exists. Incrementing count and changing bias by -0.1.
2024-09-20 11:57:20,119 - INFO - Saved progress to ../data/genre_clio_results.csv.
2024-09-20 11:57:22,122 - INFO - Gen 10: Trying to gen phrase 15/20...
2024-09-20 11:57:22,849 - INFO - Added new phrase: 'historical fiction'
2024-09-20 11:57:22,850 - INFO - Saved progress to ../data/genre_clio_results.csv.
2024-09-20 11:57:22,881 - INFO - Checkpoint saved at 10 generations.
2024-09-20 11:57:24,882 - INFO - Gen 11: Trying to gen phrase 16/20...
2024-09-20 11:57:27,512 - INFO - Added new phrase: 'light novel'
2024-09-20 11:57:27,514 - INFO - Saved progress to ../data/genre_clio_results.csv.
2024-09-20 11:57:29,548 - INFO - Gen 12: Trying to gen phrase 17/20...
2024-09-20 11:57:33,781 - INFO - Phrase 'Fantasy' already exists. Incrementing count and changing bias by -0.1.
2024-09-20 11:57:33,783 - INFO - Saved progress to ../data/genre_clio_results.csv.
2024-09-20 11:57:35,786 - INFO - Gen 13: Trying to gen phrase 17/20...
2024-09-20 11:57:37,262 - INFO - Added new phrase: 'Cyberpunk'
2024-09-20 11:57:37,263 - INFO - Saved progress to ../data/genre_clio_results.csv.
2024-09-20 11:57:39,264 - INFO - Gen 14: Trying to gen phrase 18/20...
2024-09-20 11:57:41,427 - INFO - Phrase 'LitRPG' already exists. Incrementing count and changing bias by -0.1.
2024-09-20 11:57:41,429 - INFO - Saved progress to ../data/genre_clio_results.csv.
2024-09-20 11:57:43,431 - INFO - Gen 15: Trying to gen phrase 18/20...
2024-09-20 11:57:46,172 - INFO - Phrase 'historical fiction' already exists. Incrementing count and changing bias by -0.1.
2024-09-20 11:57:46,174 - INFO - Saved progress to ../data/genre_clio_results.csv.
2024-09-20 11:57:46,193 - INFO - Checkpoint saved at 15 generations.
2024-09-20 11:57:48,196 - INFO - Gen 16: Trying to gen phrase 18/20...
2024-09-20 11:57:49,721 - INFO - Phrase 'LitRPG' already exists. Incrementing count and changing bias by -0.1.
2024-09-20 11:57:49,722 - INFO - Saved progress to ../data/genre_clio_results.csv.
2024-09-20 11:57:51,724 - INFO - Gen 17: Trying to gen phrase 18/20...
2024-09-20 11:57:56,527 - INFO - Phrase 'LitRPG' already exists. Incrementing count and changing bias by -0.1.
2024-09-20 11:57:56,529 - INFO - Saved progress to ../data/genre_clio_results.csv.
2024-09-20 11:57:58,532 - INFO - Gen 18: Trying to gen phrase 18/20...
2024-09-20 11:58:04,671 - INFO - Added new phrase: 'Horror'
2024-09-20 11:58:04,672 - INFO - Saved progress to ../data/genre_clio_results.csv.
2024-09-20 11:58:06,675 - INFO - Gen 19: Trying to gen phrase 19/20...
2024-09-20 11:58:10,265 - INFO - Added new phrase: 'Renaissance'
2024-09-20 11:58:10,268 - INFO - Saved progress to ../data/genre_clio_results.csv.
2024-09-20 11:58:12,271 - INFO - Gen 20: Trying to gen phrase 20/20...
2024-09-20 11:58:18,198 - INFO - Phrase 'Adventure' already exists. Incrementing count and changing bias by -0.1.
2024-09-20 11:58:18,201 - INFO - Saved progress to ../data/genre_clio_results.csv.
2024-09-20 11:58:18,237 - INFO - Checkpoint saved at 20 generations.
